<?xml version="1.0" encoding="UTF-8"?>
<testng-results skipped="0" failed="0" ignored="0" total="1" passed="1">
  <reporter-output>
  </reporter-output>
  <suite name="Default suite" duration-ms="10830" started-at="2018-06-13T04:09:09Z" finished-at="2018-06-13T04:09:19Z">
    <groups>
    </groups>
    <test name="Default test" duration-ms="10830" started-at="2018-06-13T04:09:09Z" finished-at="2018-06-13T04:09:19Z">
      <class name="test.sai">
        <test-method status="PASS" signature="abc()[pri:0, instance:test.sai@27f723]" name="abc" duration-ms="10814" started-at="2018-06-13T04:09:09Z" finished-at="2018-06-13T04:09:19Z">
          <reporter-output>
          </reporter-output>
        </test-method> <!-- abc -->
      </class> <!-- test.sai -->
    </test> <!-- Default test -->
  </suite> <!-- Default suite -->
</testng-results>
